/workspaces/trading_bot_cX/main.py:150: DeprecationWarning: 
        on_event is deprecated, use lifespan event handlers instead.

        Read more about it in the
        [FastAPI docs for Lifespan Events](https://fastapi.tiangolo.com/advanced/events/).
        
  @app.on_event("startup")
INFO:     Started server process [150637]
INFO:     Waiting for application startup.
INFO:     Application startup complete.
ERROR:    [Errno 98] error while attempting to bind on address ('0.0.0.0', 8000): address already in use
INFO:     Waiting for application shutdown.
INFO:     Application shutdown complete.
🔧 Initializing trading bot...
ℹ️ BTCUSDT leverage already set or not needed
ℹ️ ETHUSDT leverage already set or not needed
ℹ️ AAVEUSDT leverage already set or not needed
ℹ️ APEXUSDT leverage already set or not needed
Checking for profitable trades to close...
Debug: Full balance response = {'retCode': 0, 'retMsg': 'OK', 'result': {'list': [{'totalEquity': '64729.18233', 'accountIMRate': '0', 'totalMarginBalance': '9990.373868', 'totalInitialMargin': '0', 'accountType': 'UNIFIED', 'totalAvailableBalance': '9990.373868', 'accountMMRate': '0', 'totalPerpUPL': '0', 'totalWalletBalance': '9990.373868', 'accountLTV': '0', 'totalMaintenanceMargin': '0', 'coin': [{'availableToBorrow': '', 'bonus': '0', 'accruedInterest': '0', 'availableToWithdraw': '', 'totalOrderIM': '0', 'equity': '9986', 'totalPositionMM': '0', 'usdValue': '9990.373868', 'unrealisedPnl': '0', 'collateralSwitch': True, 'spotHedgingQty': '0', 'borrowAmount': '0.000000000000000000', 'totalPositionIM': '0', 'walletBalance': '9986', 'cumRealisedPnl': '0', 'locked': '0', 'marginCollateral': True, 'coin': 'USDT'}]}]}, 'retExtInfo': {}, 'time': 1747839990579}
Current balance: 9990.373868 USDT
Daily profit target achieved (187.11%), using lower profit threshold: 1.0%
Trade demo-1747825468-BTCUSDT-0 current P&L: -2.29% (-79.80 USDT)
Trade demo-1747825468-BTCUSDT-1 current P&L: -1.43% (-22.56 USDT)
Trade sim-1747825627-AAVEUSDT has explicit take profit set to 285.3924, skipping auto-close check
Trade sim-1747825750-AAVEUSDT has explicit take profit set to 285.3924, skipping auto-close check
Trade sim-1747825873-AAVEUSDT has explicit take profit set to 285.3924, skipping auto-close check
Trade sim-1747839602-HMSTRUSDT current P&L: -2.96% (-47.39 USDT)
Trade sim-1747839647-HMSTRUSDT current P&L: -2.96% (-29.62 USDT)
Trade sim-1747839663-HMSTRUSDT current P&L: -2.96% (-47.39 USDT)
Trade sim-1747839708-HMSTRUSDT current P&L: -2.96% (-29.62 USDT)
Trade sim-1747839725-HMSTRUSDT current P&L: -2.96% (-47.40 USDT)
Trade sim-1747839770-HMSTRUSDT current P&L: -2.96% (-29.62 USDT)
Trade sim-1747839786-HMSTRUSDT current P&L: -2.96% (-47.39 USDT)
Trade sim-1747839831-HMSTRUSDT current P&L: -2.96% (-29.62 USDT)
Trade sim-1747839848-HMSTRUSDT current P&L: -2.96% (-47.39 USDT)
Trade sim-1747839893-HMSTRUSDT current P&L: -2.96% (-29.62 USDT)
Trade sim-1747839909-HMSTRUSDT current P&L: -2.96% (-47.39 USDT)
Trade sim-1747839954-HMSTRUSDT current P&L: -2.96% (-29.62 USDT)
Trade sim-1747839970-HMSTRUSDT current P&L: -2.96% (-47.38 USDT)
